<?xml version="1.0" encoding="UTF-8"?>
<!-- Generated by org.testng.reporters.JUnitReportReporter -->
<testsuite hostname="DESKTOP-9MH46U9" failures="0" tests="1" name="testcase.TestClass" time="2.275" errors="0" timestamp="2024-10-16T22:17:01 IST" skipped="0">
  <testcase classname="testcase.TestClass" name="Login" time="2.275"/>
  <system-out/>
</testsuite> <!-- testcase.TestClass -->
